<?xml version="1.0" encoding="UTF-8"?>
<!-- Generated by org.testng.reporters.JUnitReportReporter -->
<testsuite skipped="0" hostname="DIBOG-ECASTELLANOS" name="tests.Tests" tests="4" failures="0" timestamp="07 may 2019 19:35:00 GMT" time="39.259" errors="0">
  <testcase name="pruebaTres" time="13.061" classname="tests.Tests"/>
  <testcase name="pruebaDos" time="11.784" classname="tests.Tests"/>
  <testcase name="pruebaCuatro" time="7.315" classname="tests.Tests"/>
  <testcase name="pruebaUno" time="7.099" classname="tests.Tests"/>
</testsuite> <!-- tests.Tests -->
